<?xml version="1.0" encoding="UTF-8"?>
<!-- Generated by org.testng.reporters.JUnitReportReporter -->
<testsuite hostname="LAPTOP-E6OV7C2M" name="testCases.TestCaseUI" tests="1" failures="0" timestamp="14 Nov 2020 10:21:03 GMT" time="10.886" errors="0">
  <testcase name="test2" time="10.886" classname="testCases.TestCaseUI"/>
</testsuite> <!-- testCases.TestCaseUI -->
